# JRE version: Java(TM) SE Runtime Environment (8.0_45-b14) (build 1.8.0_45-b14)
# Java VM: Java HotSpot(TM) 64-Bit Server VM (25.45-b02 mixed mode bsd-amd64 compressed oops)
Heap:
 PSYoungGen      total 288256K, used 278528K [0x00000007aab00000, 0x00000007bea00000, 0x00000007c0000000)
  eden space 278528K, 100% used [0x00000007aab00000,0x00000007bbb00000,0x00000007bbb00000)
  from space 9728K, 0% used [0x00000007bd100000,0x00000007bd100000,0x00000007bda80000)
  to   space 22528K, 0% used [0x00000007bbb00000,0x00000007bbb00000,0x00000007bd100000)
 ParOldGen       total 699392K, used 636304K [0x0000000780000000, 0x00000007aab00000, 0x00000007aab00000)
  object space 699392K, 90% used [0x0000000780000000,0x00000007a6d64090,0x00000007aab00000)
 Metaspace       used 61140K, capacity 61579K, committed 62336K, reserved 1103872K
  class space    used 7516K, capacity 7660K, committed 7808K, reserved 1048576K
GC Heap History (10 events):
Event: 57420.495 GC heap after
Heap after GC invocations=863005 (full 862991):
 PSYoungGen      total 288256K, used 278527K [0x00000007aab00000, 0x00000007bea00000, 0x00000007c0000000)
  eden space 278528K, 99% used [0x00000007aab00000,0x00000007bbafff70,0x00000007bbb00000)
  from space 9728K, 0% used [0x00000007bd100000,0x00000007bd100000,0x00000007bda80000)
  to   space 22528K, 0% used [0x00000007bbb00000,0x00000007bbb00000,0x00000007bd100000)
 ParOldGen       total 699392K, used 636303K [0x0000000780000000, 0x00000007aab00000, 0x00000007aab00000)
  object space 699392K, 90% used [0x0000000780000000,0x00000007a6d63e10,0x00000007aab00000)
 Metaspace       used 61143K, capacity 61585K, committed 62336K, reserved 1103872K
  class space    used 7517K, capacity 7661K, committed 7808K, reserved 1048576K
}
Event: 57420.495 GC heap before
{Heap before GC invocations=863006 (full 862992):
 PSYoungGen      total 288256K, used 278528K [0x00000007aab00000, 0x00000007bea00000, 0x00000007c0000000)
  eden space 278528K, 100% used [0x00000007aab00000,0x00000007bbb00000,0x00000007bbb00000)
  from space 9728K, 0% used [0x00000007bd100000,0x00000007bd100000,0x00000007bda80000)
  to   space 22528K, 0% used [0x00000007bbb00000,0x00000007bbb00000,0x00000007bd100000)
 ParOldGen       total 699392K, used 636303K [0x0000000780000000, 0x00000007aab00000, 0x00000007aab00000)
  object space 699392K, 90% used [0x0000000780000000,0x00000007a6d63e10,0x00000007aab00000)
 Metaspace       used 61143K, capacity 61585K, committed 62336K, reserved 1103872K
  class space    used 7517K, capacity 7661K, committed 7808K, reserved 1048576K
Event: 57420.553 GC heap after
Heap after GC invocations=863006 (full 862992):
 PSYoungGen      total 288256K, used 278527K [0x00000007aab00000, 0x00000007bea00000, 0x00000007c0000000)
  eden space 278528K, 99% used [0x00000007aab00000,0x00000007bbafffb8,0x00000007bbb00000)
  from space 9728K, 0% used [0x00000007bd100000,0x00000007bd100000,0x00000007bda80000)
  to   space 22528K, 0% used [0x00000007bbb00000,0x00000007bbb00000,0x00000007bd100000)
 ParOldGen       total 699392K, used 636303K [0x0000000780000000, 0x00000007aab00000, 0x00000007aab00000)
  object space 699392K, 90% used [0x0000000780000000,0x00000007a6d63e10,0x00000007aab00000)
 Metaspace       used 61143K, capacity 61585K, committed 62336K, reserved 1103872K
  class space    used 7517K, capacity 7661K, committed 7808K, reserved 1048576K
}
Event: 57420.553 GC heap before
{Heap before GC invocations=863007 (full 862993):
 PSYoungGen      total 288256K, used 278528K [0x00000007aab00000, 0x00000007bea00000, 0x00000007c0000000)
  eden space 278528K, 100% used [0x00000007aab00000,0x00000007bbb00000,0x00000007bbb00000)
  from space 9728K, 0% used [0x00000007bd100000,0x00000007bd100000,0x00000007bda80000)
  to   space 22528K, 0% used [0x00000007bbb00000,0x00000007bbb00000,0x00000007bd100000)
 ParOldGen       total 699392K, used 636303K [0x0000000780000000, 0x00000007aab00000, 0x00000007aab00000)
  object space 699392K, 90% used [0x0000000780000000,0x00000007a6d63e10,0x00000007aab00000)
 Metaspace       used 61143K, capacity 61585K, committed 62336K, reserved 1103872K
  class space    used 7517K, capacity 7661K, committed 7808K, reserved 1048576K
Event: 57420.612 GC heap after
Heap after GC invocations=863007 (full 862993):
 PSYoungGen      total 288256K, used 278527K [0x00000007aab00000, 0x00000007bea00000, 0x00000007c0000000)
  eden space 278528K, 99% used [0x00000007aab00000,0x00000007bbaffff0,0x00000007bbb00000)
  from space 9728K, 0% used [0x00000007bd100000,0x00000007bd100000,0x00000007bda80000)
  to   space 22528K, 0% used [0x00000007bbb00000,0x00000007bbb00000,0x00000007bd100000)
 ParOldGen       total 699392K, used 636303K [0x0000000780000000, 0x00000007aab00000, 0x00000007aab00000)
  object space 699392K, 90% used [0x0000000780000000,0x00000007a6d63e10,0x00000007aab00000)
 Metaspace       used 61143K, capacity 61585K, committed 62336K, reserved 1103872K
  class space    used 7517K, capacity 7661K, committed 7808K, reserved 1048576K
}
Event: 57420.612 GC heap before
{Heap before GC invocations=863008 (full 862994):
 PSYoungGen      total 288256K, used 278528K [0x00000007aab00000, 0x00000007bea00000, 0x00000007c0000000)
  eden space 278528K, 100% used [0x00000007aab00000,0x00000007bbb00000,0x00000007bbb00000)
  from space 9728K, 0% used [0x00000007bd100000,0x00000007bd100000,0x00000007bda80000)
  to   space 22528K, 0% used [0x00000007bbb00000,0x00000007bbb00000,0x00000007bd100000)
 ParOldGen       total 699392K, used 636305K [0x0000000780000000, 0x00000007aab00000, 0x00000007aab00000)
  object space 699392K, 90% used [0x0000000780000000,0x00000007a6d645d8,0x00000007aab00000)
 Metaspace       used 61144K, capacity 61585K, committed 62336K, reserved 1103872K
  class space    used 7517K, capacity 7661K, committed 7808K, reserved 1048576K
Event: 57420.674 GC heap after
Heap after GC invocations=863008 (full 862994):
 PSYoungGen      total 288256K, used 278528K [0x00000007aab00000, 0x00000007bea00000, 0x00000007c0000000)
  eden space 278528K, 100% used [0x00000007aab00000,0x00000007bbb00000,0x00000007bbb00000)
  from space 9728K, 0% used [0x00000007bd100000,0x00000007bd100000,0x00000007bda80000)
  to   space 22528K, 0% used [0x00000007bbb00000,0x00000007bbb00000,0x00000007bd100000)
 ParOldGen       total 699392K, used 636304K [0x0000000780000000, 0x00000007aab00000, 0x00000007aab00000)
  object space 699392K, 90% used [0x0000000780000000,0x00000007a6d64040,0x00000007aab00000)
 Metaspace       used 61144K, capacity 61585K, committed 62336K, reserved 1103872K
  class space    used 7517K, capacity 7661K, committed 7808K, reserved 1048576K
}
Event: 57420.674 GC heap before
{Heap before GC invocations=863009 (full 862995):
 PSYoungGen      total 288256K, used 278528K [0x00000007aab00000, 0x00000007bea00000, 0x00000007c0000000)
  eden space 278528K, 100% used [0x00000007aab00000,0x00000007bbb00000,0x00000007bbb00000)
  from space 9728K, 0% used [0x00000007bd100000,0x00000007bd100000,0x00000007bda80000)
  to   space 22528K, 0% used [0x00000007bbb00000,0x00000007bbb00000,0x00000007bd100000)
 ParOldGen       total 699392K, used 636305K [0x0000000780000000, 0x00000007aab00000, 0x00000007aab00000)
  object space 699392K, 90% used [0x0000000780000000,0x00000007a6d646b0,0x00000007aab00000)
 Metaspace       used 61144K, capacity 61585K, committed 62336K, reserved 1103872K
  class space    used 7517K, capacity 7661K, committed 7808K, reserved 1048576K
Event: 57420.741 GC heap after
Heap after GC invocations=863009 (full 862995):
 PSYoungGen      total 288256K, used 278527K [0x00000007aab00000, 0x00000007bea00000, 0x00000007c0000000)
  eden space 278528K, 99% used [0x00000007aab00000,0x00000007bbaffed8,0x00000007bbb00000)
  from space 9728K, 0% used [0x00000007bd100000,0x00000007bd100000,0x00000007bda80000)
  to   space 22528K, 0% used [0x00000007bbb00000,0x00000007bbb00000,0x00000007bd100000)
 ParOldGen       total 699392K, used 636304K [0x0000000780000000, 0x00000007aab00000, 0x00000007aab00000)
  object space 699392K, 90% used [0x0000000780000000,0x00000007a6d64090,0x00000007aab00000)
 Metaspace       used 61140K, capacity 61579K, committed 62336K, reserved 1103872K
  class space    used 7516K, capacity 7660K, committed 7808K, reserved 1048576K
}
Event: 57420.742 GC heap before
{Heap before GC invocations=863010 (full 862996):
 PSYoungGen      total 288256K, used 278528K [0x00000007aab00000, 0x00000007bea00000, 0x00000007c0000000)
  eden space 278528K, 100% used [0x00000007aab00000,0x00000007bbb00000,0x00000007bbb00000)
  from space 9728K, 0% used [0x00000007bd100000,0x00000007bd100000,0x00000007bda80000)
  to   space 22528K, 0% used [0x00000007bbb00000,0x00000007bbb00000,0x00000007bd100000)
 ParOldGen       total 699392K, used 636304K [0x0000000780000000, 0x00000007aab00000, 0x00000007aab00000)
  object space 699392K, 90% used [0x0000000780000000,0x00000007a6d64090,0x00000007aab00000)
 Metaspace       used 61140K, capacity 61579K, committed 62336K, reserved 1103872K
  class space    used 7516K, capacity 7660K, committed 7808K, reserved 1048576K

